Starting short_job_template.job 1560297
Finished loading models
------
Starting PongNoFrameskip-v4 on cuda
Namespace(batch_size=32, environment='PongNoFrameskip-v4', eps_start=1.0, eps_steps=100000, eps_stop=0.02, eval_every=100000, exploration_phase=0, frame_stack=4, gamma=0.99, image_size=[110, 84], lr=0.0001, memory=100000, num_eval=10000, num_frames=500000, optimize_every=1, output_dir='/scratch/pong_dev_results2', target_update=1000)
------
MODEL DQN(
  (conv1): Conv2d(4, 16, kernel_size=(5, 5), stride=(2, 2))
  (bn1): BatchNorm2d(16, eps=1e-05, momentum=0.1, affine=True, track_running_stats=True)
  (conv2): Conv2d(16, 32, kernel_size=(5, 5), stride=(2, 2))
  (bn2): BatchNorm2d(32, eps=1e-05, momentum=0.1, affine=True, track_running_stats=True)
  (conv3): Conv2d(32, 32, kernel_size=(5, 5), stride=(2, 2))
  (bn3): BatchNorm2d(32, eps=1e-05, momentum=0.1, affine=True, track_running_stats=True)
  (fc): Sequential(
    (0): Linear(in_features=2464, out_features=200, bias=True)
    (1): ReLU()
    (2): Linear(in_features=200, out_features=6, bias=True)
  )
)
0 / 500000 frames done
100 / 500000 frames done
200 / 500000 frames done
300 / 500000 frames done
400 / 500000 frames done
500 / 500000 frames done
600 / 500000 frames done
700 / 500000 frames done
800 / 500000 frames done
900 / 500000 frames done
1000 / 500000 frames done
1100 / 500000 frames done
1200 / 500000 frames done
1300 / 500000 frames done
1400 / 500000 frames done
1500 / 500000 frames done
1600 / 500000 frames done
1700 / 500000 frames done
1800 / 500000 frames done
1900 / 500000 frames done
2000 / 500000 frames done
2100 / 500000 frames done
2200 / 500000 frames done
2300 / 500000 frames done
2400 / 500000 frames done
2500 / 500000 frames done
2600 / 500000 frames done
2700 / 500000 frames done
2800 / 500000 frames done
2900 / 500000 frames done
3000 / 500000 frames done
3100 / 500000 frames done
3200 / 500000 frames done
3300 / 500000 frames done
3400 / 500000 frames done
3500 / 500000 frames done
3600 / 500000 frames done
3700 / 500000 frames done
3800 / 500000 frames done
3900 / 500000 frames done
4000 / 500000 frames done
4100 / 500000 frames done
4200 / 500000 frames done
4300 / 500000 frames done
4400 / 500000 frames done
4500 / 500000 frames done
4600 / 500000 frames done
4700 / 500000 frames done
4800 / 500000 frames done
4900 / 500000 frames done
5000 / 500000 frames done
5100 / 500000 frames done
5200 / 500000 frames done
5300 / 500000 frames done
5400 / 500000 frames done
5500 / 500000 frames done
5600 / 500000 frames done
5700 / 500000 frames done
5800 / 500000 frames done
5900 / 500000 frames done
6000 / 500000 frames done
6100 / 500000 frames done
6200 / 500000 frames done
6300 / 500000 frames done
6400 / 500000 frames done
6500 / 500000 frames done
6600 / 500000 frames done
6700 / 500000 frames done
6800 / 500000 frames done
6900 / 500000 frames done
7000 / 500000 frames done
7100 / 500000 frames done
7200 / 500000 frames done
7300 / 500000 frames done
7400 / 500000 frames done
7500 / 500000 frames done
7600 / 500000 frames done
7700 / 500000 frames done
7800 / 500000 frames done
7900 / 500000 frames done
8000 / 500000 frames done
8100 / 500000 frames done
8200 / 500000 frames done
8300 / 500000 frames done
8400 / 500000 frames done
8500 / 500000 frames done
8600 / 500000 frames done
8700 / 500000 frames done
8800 / 500000 frames done
8900 / 500000 frames done
9000 / 500000 frames done
9100 / 500000 frames done
9200 / 500000 frames done
9300 / 500000 frames done
9400 / 500000 frames done
9500 / 500000 frames done
9600 / 500000 frames done
9700 / 500000 frames done
9800 / 500000 frames done
9900 / 500000 frames done
10000 / 500000 frames done
10100 / 500000 frames done
10200 / 500000 frames done
10300 / 500000 frames done
10400 / 500000 frames done
10500 / 500000 frames done
10600 / 500000 frames done
10700 / 500000 frames done
10800 / 500000 frames done
10900 / 500000 frames done
11000 / 500000 frames done
11100 / 500000 frames done
11200 / 500000 frames done
11300 / 500000 frames done
11400 / 500000 frames done
11500 / 500000 frames done
11600 / 500000 frames done
11700 / 500000 frames done
11800 / 500000 frames done
11900 / 500000 frames done
12000 / 500000 frames done
12100 / 500000 frames done
12200 / 500000 frames done
12300 / 500000 frames done
12400 / 500000 frames done
12500 / 500000 frames done
12600 / 500000 frames done
12700 / 500000 frames done
12800 / 500000 frames done
12900 / 500000 frames done
13000 / 500000 frames done
13100 / 500000 frames done
13200 / 500000 frames done
13300 / 500000 frames done
13400 / 500000 frames done
13500 / 500000 frames done
13600 / 500000 frames done
13700 / 500000 frames done
13800 / 500000 frames done
13900 / 500000 frames done
14000 / 500000 frames done
14100 / 500000 frames done
14200 / 500000 frames done
14300 / 500000 frames done
14400 / 500000 frames done
14500 / 500000 frames done
14600 / 500000 frames done
14700 / 500000 frames done
14800 / 500000 frames done
14900 / 500000 frames done
15000 / 500000 frames done
15100 / 500000 frames done
15200 / 500000 frames done
15300 / 500000 frames done
15400 / 500000 frames done
15500 / 500000 frames done
15600 / 500000 frames done
15700 / 500000 frames done
15800 / 500000 frames done
15900 / 500000 frames done
16000 / 500000 frames done
16100 / 500000 frames done
16200 / 500000 frames done
16300 / 500000 frames done
16400 / 500000 frames done
16500 / 500000 frames done
16600 / 500000 frames done
16700 / 500000 frames done
16800 / 500000 frames done
16900 / 500000 frames done
17000 / 500000 frames done
17100 / 500000 frames done
17200 / 500000 frames done
17300 / 500000 frames done
17400 / 500000 frames done
17500 / 500000 frames done
17600 / 500000 frames done
17700 / 500000 frames done
17800 / 500000 frames done
17900 / 500000 frames done
18000 / 500000 frames done
18100 / 500000 frames done
18200 / 500000 frames done
18300 / 500000 frames done
18400 / 500000 frames done
18500 / 500000 frames done
18600 / 500000 frames done
18700 / 500000 frames done
18800 / 500000 frames done
18900 / 500000 frames done
19000 / 500000 frames done
19100 / 500000 frames done
19200 / 500000 frames done
19300 / 500000 frames done
19400 / 500000 frames done
19500 / 500000 frames done
19600 / 500000 frames done
19700 / 500000 frames done
19800 / 500000 frames done
19900 / 500000 frames done
20000 / 500000 frames done
20100 / 500000 frames done
20200 / 500000 frames done
20300 / 500000 frames done
20400 / 500000 frames done
20500 / 500000 frames done
20600 / 500000 frames done
20700 / 500000 frames done
20800 / 500000 frames done
20900 / 500000 frames done
21000 / 500000 frames done
21100 / 500000 frames done
21200 / 500000 frames done
21300 / 500000 frames done
21400 / 500000 frames done
21500 / 500000 frames done
21600 / 500000 frames done
21700 / 500000 frames done
21800 / 500000 frames done
21900 / 500000 frames done
22000 / 500000 frames done
22100 / 500000 frames done
22200 / 500000 frames done
22300 / 500000 frames done
22400 / 500000 frames done
22500 / 500000 frames done
22600 / 500000 frames done
22700 / 500000 frames done
22800 / 500000 frames done
22900 / 500000 frames done
23000 / 500000 frames done
23100 / 500000 frames done
23200 / 500000 frames done
23300 / 500000 frames done
23400 / 500000 frames done
23500 / 500000 frames done
23600 / 500000 frames done
23700 / 500000 frames done
23800 / 500000 frames done
23900 / 500000 frames done
24000 / 500000 frames done
24100 / 500000 frames done
24200 / 500000 frames done
24300 / 500000 frames done
24400 / 500000 frames done
24500 / 500000 frames done
24600 / 500000 frames done
24700 / 500000 frames done
24800 / 500000 frames done
24900 / 500000 frames done
25000 / 500000 frames done
25100 / 500000 frames done
25200 / 500000 frames done
25300 / 500000 frames done
25400 / 500000 frames done
25500 / 500000 frames done
25600 / 500000 frames done
25700 / 500000 frames done
25800 / 500000 frames done
25900 / 500000 frames done
26000 / 500000 frames done
26100 / 500000 frames done
26200 / 500000 frames done
26300 / 500000 frames done
26400 / 500000 frames done
26500 / 500000 frames done
26600 / 500000 frames done
26700 / 500000 frames done
26800 / 500000 frames done
26900 / 500000 frames done
------
Starting PongNoFrameskip-v4 on cuda
Namespace(batch_size=32, environment='PongNoFrameskip-v4', eps_start=1.0, eps_steps=100000, eps_stop=0.02, eval_every=100000, exploration_phase=0, frame_stack=4, gamma=0.99, image_size=[110, 84], lr=0.0001, memory=100000, num_eval=10000, num_frames=500000, optimize_every=1, output_dir='/scratch/pong_dev_results0', target_update=1000)
------
MODEL DQN(
  (conv1): Conv2d(4, 16, kernel_size=(5, 5), stride=(2, 2))
  (bn1): BatchNorm2d(16, eps=1e-05, momentum=0.1, affine=True, track_running_stats=True)
  (conv2): Conv2d(16, 32, kernel_size=(5, 5), stride=(2, 2))
  (bn2): BatchNorm2d(32, eps=1e-05, momentum=0.1, affine=True, track_running_stats=True)
  (conv3): Conv2d(32, 32, kernel_size=(5, 5), stride=(2, 2))
  (bn3): BatchNorm2d(32, eps=1e-05, momentum=0.1, affine=True, track_running_stats=True)
  (fc): Sequential(
    (0): Linear(in_features=2464, out_features=200, bias=True)
    (1): ReLU()
    (2): Linear(in_features=200, out_features=6, bias=True)
  )
)
0 / 500000 frames done
100 / 500000 frames done
200 / 500000 frames done
300 / 500000 frames done
400 / 500000 frames done
500 / 500000 frames done
600 / 500000 frames done
700 / 500000 frames done
800 / 500000 frames done
900 / 500000 frames done
1000 / 500000 frames done
1100 / 500000 frames done
1200 / 500000 frames done
1300 / 500000 frames done
1400 / 500000 frames done
1500 / 500000 frames done
1600 / 500000 frames done
1700 / 500000 frames done
1800 / 500000 frames done
1900 / 500000 frames done
2000 / 500000 frames done
2100 / 500000 frames done
2200 / 500000 frames done
2300 / 500000 frames done
2400 / 500000 frames done
2500 / 500000 frames done
2600 / 500000 frames done
2700 / 500000 frames done
2800 / 500000 frames done
2900 / 500000 frames done
3000 / 500000 frames done
3100 / 500000 frames done
3200 / 500000 frames done
3300 / 500000 frames done
3400 / 500000 frames done
3500 / 500000 frames done
3600 / 500000 frames done
3700 / 500000 frames done
3800 / 500000 frames done
3900 / 500000 frames done
4000 / 500000 frames done
4100 / 500000 frames done
4200 / 500000 frames done
4300 / 500000 frames done
4400 / 500000 frames done
4500 / 500000 frames done
4600 / 500000 frames done
4700 / 500000 frames done
4800 / 500000 frames done
4900 / 500000 frames done
5000 / 500000 frames done
5100 / 500000 frames done
5200 / 500000 frames done
5300 / 500000 frames done
5400 / 500000 frames done
5500 / 500000 frames done
5600 / 500000 frames done
5700 / 500000 frames done
5800 / 500000 frames done
5900 / 500000 frames done
6000 / 500000 frames done
6100 / 500000 frames done
6200 / 500000 frames done
6300 / 500000 frames done
6400 / 500000 frames done
6500 / 500000 frames done
6600 / 500000 frames done
6700 / 500000 frames done
6800 / 500000 frames done
6900 / 500000 frames done
7000 / 500000 frames done
7100 / 500000 frames done
7200 / 500000 frames done
7300 / 500000 frames done
7400 / 500000 frames done
7500 / 500000 frames done
7600 / 500000 frames done
7700 / 500000 frames done
7800 / 500000 frames done
7900 / 500000 frames done
8000 / 500000 frames done
8100 / 500000 frames done
8200 / 500000 frames done
8300 / 500000 frames done
8400 / 500000 frames done
8500 / 500000 frames done
8600 / 500000 frames done
8700 / 500000 frames done
8800 / 500000 frames done
8900 / 500000 frames done
9000 / 500000 frames done
9100 / 500000 frames done
9200 / 500000 frames done
9300 / 500000 frames done
9400 / 500000 frames done
9500 / 500000 frames done
9600 / 500000 frames done
9700 / 500000 frames done
9800 / 500000 frames done
9900 / 500000 frames done
10000 / 500000 frames done
10100 / 500000 frames done
10200 / 500000 frames done
10300 / 500000 frames done
10400 / 500000 frames done
10500 / 500000 frames done
10600 / 500000 frames done
10700 / 500000 frames done
10800 / 500000 frames done
10900 / 500000 frames done
11000 / 500000 frames done
11100 / 500000 frames done
11200 / 500000 frames done
11300 / 500000 frames done
11400 / 500000 frames done
11500 / 500000 frames done
11600 / 500000 frames done
11700 / 500000 frames done
11800 / 500000 frames done
11900 / 500000 frames done
12000 / 500000 frames done
12100 / 500000 frames done
12200 / 500000 frames done
12300 / 500000 frames done
12400 / 500000 frames done
12500 / 500000 frames done
12600 / 500000 frames done
12700 / 500000 frames done
12800 / 500000 frames done
12900 / 500000 frames done
13000 / 500000 frames done
13100 / 500000 frames done
13200 / 500000 frames done
13300 / 500000 frames done
13400 / 500000 frames done
13500 / 500000 frames done
13600 / 500000 frames done
13700 / 500000 frames done
13800 / 500000 frames done
13900 / 500000 frames done
14000 / 500000 frames done
14100 / 500000 frames done
14200 / 500000 frames done
14300 / 500000 frames done
14400 / 500000 frames done
14500 / 500000 frames done
14600 / 500000 frames done
14700 / 500000 frames done
14800 / 500000 frames done
14900 / 500000 frames done
15000 / 500000 frames done
15100 / 500000 frames done
15200 / 500000 frames done
15300 / 500000 frames done
15400 / 500000 frames done
15500 / 500000 frames done
15600 / 500000 frames done
15700 / 500000 frames done
15800 / 500000 frames done
15900 / 500000 frames done
16000 / 500000 frames done
16100 / 500000 frames done
16200 / 500000 frames done
16300 / 500000 frames done
16400 / 500000 frames done
16500 / 500000 frames done
16600 / 500000 frames done
16700 / 500000 frames done
16800 / 500000 frames done
16900 / 500000 frames done
17000 / 500000 frames done
17100 / 500000 frames done
17200 / 500000 frames done
17300 / 500000 frames done
17400 / 500000 frames done
17500 / 500000 frames done
17600 / 500000 frames done
17700 / 500000 frames done
17800 / 500000 frames done
17900 / 500000 frames done
18000 / 500000 frames done
18100 / 500000 frames done
18200 / 500000 frames done
18300 / 500000 frames done
18400 / 500000 frames done
18500 / 500000 frames done
18600 / 500000 frames done
18700 / 500000 frames done
18800 / 500000 frames done
18900 / 500000 frames done
19000 / 500000 frames done
19100 / 500000 frames done
19200 / 500000 frames done
19300 / 500000 frames done
19400 / 500000 frames done
19500 / 500000 frames done
19600 / 500000 frames done
19700 / 500000 frames done
19800 / 500000 frames done
19900 / 500000 frames done
20000 / 500000 frames done
20100 / 500000 frames done
20200 / 500000 frames done
20300 / 500000 frames done
20400 / 500000 frames done
20500 / 500000 frames done
20600 / 500000 frames done
20700 / 500000 frames done
20800 / 500000 frames done
20900 / 500000 frames done
21000 / 500000 frames done
21100 / 500000 frames done
21200 / 500000 frames done
21300 / 500000 frames done
21400 / 500000 frames done
21500 / 500000 frames done
21600 / 500000 frames done
21700 / 500000 frames done
21800 / 500000 frames done
21900 / 500000 frames done
22000 / 500000 frames done
22100 / 500000 frames done
22200 / 500000 frames done
22300 / 500000 frames done
22400 / 500000 frames done
22500 / 500000 frames done
22600 / 500000 frames done
22700 / 500000 frames done
22800 / 500000 frames done
22900 / 500000 frames done
23000 / 500000 frames done
23100 / 500000 frames done
23200 / 500000 frames done
23300 / 500000 frames done
23400 / 500000 frames done
23500 / 500000 frames done
23600 / 500000 frames done
23700 / 500000 frames done
23800 / 500000 frames done
23900 / 500000 frames done
24000 / 500000 frames done
24100 / 500000 frames done
24200 / 500000 frames done
24300 / 500000 frames done
24400 / 500000 frames done
24500 / 500000 frames done
24600 / 500000 frames done
24700 / 500000 frames done
24800 / 500000 frames done
24900 / 500000 frames done
25000 / 500000 frames done
25100 / 500000 frames done
25200 / 500000 frames done
25300 / 500000 frames done
25400 / 500000 frames done
25500 / 500000 frames done
25600 / 500000 frames done
25700 / 500000 frames done
25800 / 500000 frames done
25900 / 500000 frames done
26000 / 500000 frames done
26100 / 500000 frames done
26200 / 500000 frames done
26300 / 500000 frames done
26400 / 500000 frames done
26500 / 500000 frames done
26600 / 500000 frames done
26700 / 500000 frames done
26800 / 500000 frames done
26900 / 500000 frames done
------
Starting PongNoFrameskip-v4 on cuda
Namespace(batch_size=32, environment='PongNoFrameskip-v4', eps_start=1.0, eps_steps=100000, eps_stop=0.02, eval_every=100000, exploration_phase=0, frame_stack=4, gamma=0.99, image_size=[110, 84], lr=0.0001, memory=100000, num_eval=10000, num_frames=500000, optimize_every=1, output_dir='/scratch/pong_dev_results3', target_update=1000)
------
MODEL DQN(
  (conv1): Conv2d(4, 16, kernel_size=(5, 5), stride=(2, 2))
  (bn1): BatchNorm2d(16, eps=1e-05, momentum=0.1, affine=True, track_running_stats=True)
  (conv2): Conv2d(16, 32, kernel_size=(5, 5), stride=(2, 2))
  (bn2): BatchNorm2d(32, eps=1e-05, momentum=0.1, affine=True, track_running_stats=True)
  (conv3): Conv2d(32, 32, kernel_size=(5, 5), stride=(2, 2))
  (bn3): BatchNorm2d(32, eps=1e-05, momentum=0.1, affine=True, track_running_stats=True)
  (fc): Sequential(
    (0): Linear(in_features=2464, out_features=200, bias=True)
    (1): ReLU()
    (2): Linear(in_features=200, out_features=6, bias=True)
  )
)
0 / 500000 frames done
100 / 500000 frames done
200 / 500000 frames done
300 / 500000 frames done
400 / 500000 frames done
500 / 500000 frames done
600 / 500000 frames done
700 / 500000 frames done
800 / 500000 frames done
900 / 500000 frames done
1000 / 500000 frames done
1100 / 500000 frames done
1200 / 500000 frames done
1300 / 500000 frames done
1400 / 500000 frames done
1500 / 500000 frames done
1600 / 500000 frames done
1700 / 500000 frames done
1800 / 500000 frames done
1900 / 500000 frames done
2000 / 500000 frames done
2100 / 500000 frames done
2200 / 500000 frames done
2300 / 500000 frames done
2400 / 500000 frames done
2500 / 500000 frames done
2600 / 500000 frames done
2700 / 500000 frames done
2800 / 500000 frames done
2900 / 500000 frames done
3000 / 500000 frames done
3100 / 500000 frames done
3200 / 500000 frames done
3300 / 500000 frames done
3400 / 500000 frames done
3500 / 500000 frames done
3600 / 500000 frames done
3700 / 500000 frames done
3800 / 500000 frames done
3900 / 500000 frames done
4000 / 500000 frames done
4100 / 500000 frames done
4200 / 500000 frames done
4300 / 500000 frames done
4400 / 500000 frames done
4500 / 500000 frames done
4600 / 500000 frames done
4700 / 500000 frames done
4800 / 500000 frames done
4900 / 500000 frames done
5000 / 500000 frames done
5100 / 500000 frames done
5200 / 500000 frames done
5300 / 500000 frames done
5400 / 500000 frames done
5500 / 500000 frames done
5600 / 500000 frames done
5700 / 500000 frames done
5800 / 500000 frames done
5900 / 500000 frames done
6000 / 500000 frames done
6100 / 500000 frames done
6200 / 500000 frames done
6300 / 500000 frames done
6400 / 500000 frames done
6500 / 500000 frames done
6600 / 500000 frames done
6700 / 500000 frames done
6800 / 500000 frames done
6900 / 500000 frames done
7000 / 500000 frames done
7100 / 500000 frames done
7200 / 500000 frames done
7300 / 500000 frames done
7400 / 500000 frames done
7500 / 500000 frames done
7600 / 500000 frames done
7700 / 500000 frames done
7800 / 500000 frames done
7900 / 500000 frames done
8000 / 500000 frames done
8100 / 500000 frames done
8200 / 500000 frames done
8300 / 500000 frames done
8400 / 500000 frames done
8500 / 500000 frames done
8600 / 500000 frames done
8700 / 500000 frames done
8800 / 500000 frames done
8900 / 500000 frames done
9000 / 500000 frames done
9100 / 500000 frames done
9200 / 500000 frames done
9300 / 500000 frames done
9400 / 500000 frames done
9500 / 500000 frames done
9600 / 500000 frames done
9700 / 500000 frames done
9800 / 500000 frames done
9900 / 500000 frames done
10000 / 500000 frames done
10100 / 500000 frames done
10200 / 500000 frames done
10300 / 500000 frames done
10400 / 500000 frames done
10500 / 500000 frames done
10600 / 500000 frames done
10700 / 500000 frames done
10800 / 500000 frames done
10900 / 500000 frames done
11000 / 500000 frames done
11100 / 500000 frames done
11200 / 500000 frames done
11300 / 500000 frames done
11400 / 500000 frames done
11500 / 500000 frames done
11600 / 500000 frames done
11700 / 500000 frames done
11800 / 500000 frames done
11900 / 500000 frames done
12000 / 500000 frames done
12100 / 500000 frames done
12200 / 500000 frames done
12300 / 500000 frames done
12400 / 500000 frames done
12500 / 500000 frames done
12600 / 500000 frames done
12700 / 500000 frames done
12800 / 500000 frames done
12900 / 500000 frames done
13000 / 500000 frames done
13100 / 500000 frames done
13200 / 500000 frames done
13300 / 500000 frames done
13400 / 500000 frames done
13500 / 500000 frames done
13600 / 500000 frames done
13700 / 500000 frames done
13800 / 500000 frames done
13900 / 500000 frames done
14000 / 500000 frames done
14100 / 500000 frames done
14200 / 500000 frames done
14300 / 500000 frames done
14400 / 500000 frames done
14500 / 500000 frames done
14600 / 500000 frames done
14700 / 500000 frames done
14800 / 500000 frames done
14900 / 500000 frames done
15000 / 500000 frames done
15100 / 500000 frames done
15200 / 500000 frames done
15300 / 500000 frames done
15400 / 500000 frames done
15500 / 500000 frames done
15600 / 500000 frames done
15700 / 500000 frames done
15800 / 500000 frames done
15900 / 500000 frames done
16000 / 500000 frames done
16100 / 500000 frames done
16200 / 500000 frames done
16300 / 500000 frames done
16400 / 500000 frames done
16500 / 500000 frames done
16600 / 500000 frames done
16700 / 500000 frames done
16800 / 500000 frames done
16900 / 500000 frames done
17000 / 500000 frames done
17100 / 500000 frames done
17200 / 500000 frames done
17300 / 500000 frames done
17400 / 500000 frames done
17500 / 500000 frames done
17600 / 500000 frames done
17700 / 500000 frames done
17800 / 500000 frames done
17900 / 500000 frames done
18000 / 500000 frames done
18100 / 500000 frames done
18200 / 500000 frames done
18300 / 500000 frames done
18400 / 500000 frames done
18500 / 500000 frames done
18600 / 500000 frames done
18700 / 500000 frames done
18800 / 500000 frames done
18900 / 500000 frames done
19000 / 500000 frames done
19100 / 500000 frames done
19200 / 500000 frames done
19300 / 500000 frames done
19400 / 500000 frames done
19500 / 500000 frames done
19600 / 500000 frames done
19700 / 500000 frames done
19800 / 500000 frames done
19900 / 500000 frames done
20000 / 500000 frames done
20100 / 500000 frames done
20200 / 500000 frames done
20300 / 500000 frames done
20400 / 500000 frames done
20500 / 500000 frames done
20600 / 500000 frames done
20700 / 500000 frames done
20800 / 500000 frames done
20900 / 500000 frames done
21000 / 500000 frames done
21100 / 500000 frames done
21200 / 500000 frames done
21300 / 500000 frames done
21400 / 500000 frames done
21500 / 500000 frames done
21600 / 500000 frames done
21700 / 500000 frames done
21800 / 500000 frames done
21900 / 500000 frames done
22000 / 500000 frames done
22100 / 500000 frames done
22200 / 500000 frames done
22300 / 500000 frames done
22400 / 500000 frames done
22500 / 500000 frames done
22600 / 500000 frames done
22700 / 500000 frames done
22800 / 500000 frames done
22900 / 500000 frames done
23000 / 500000 frames done
23100 / 500000 frames done
23200 / 500000 frames done
23300 / 500000 frames done
23400 / 500000 frames done
23500 / 500000 frames done
23600 / 500000 frames done
23700 / 500000 frames done
23800 / 500000 frames done
23900 / 500000 frames done
24000 / 500000 frames done
24100 / 500000 frames done
24200 / 500000 frames done
24300 / 500000 frames done
24400 / 500000 frames done
24500 / 500000 frames done
24600 / 500000 frames done
24700 / 500000 frames done
24800 / 500000 frames done
24900 / 500000 frames done
25000 / 500000 frames done
25100 / 500000 frames done
25200 / 500000 frames done
25300 / 500000 frames done
25400 / 500000 frames done
25500 / 500000 frames done
25600 / 500000 frames done
25700 / 500000 frames done
25800 / 500000 frames done
25900 / 500000 frames done
26000 / 500000 frames done
26100 / 500000 frames done
26200 / 500000 frames done
26300 / 500000 frames done
26400 / 500000 frames done
26500 / 500000 frames done
26600 / 500000 frames done
26700 / 500000 frames done
26800 / 500000 frames done
26900 / 500000 frames done
------
Starting PongNoFrameskip-v4 on cuda
Namespace(batch_size=32, environment='PongNoFrameskip-v4', eps_start=1.0, eps_steps=100000, eps_stop=0.02, eval_every=100000, exploration_phase=0, frame_stack=4, gamma=0.99, image_size=[110, 84], lr=0.0001, memory=100000, num_eval=10000, num_frames=500000, optimize_every=1, output_dir='/scratch/pong_dev_results1', target_update=1000)
------
MODEL DQN(
  (conv1): Conv2d(4, 16, kernel_size=(5, 5), stride=(2, 2))
  (bn1): BatchNorm2d(16, eps=1e-05, momentum=0.1, affine=True, track_running_stats=True)
  (conv2): Conv2d(16, 32, kernel_size=(5, 5), stride=(2, 2))
  (bn2): BatchNorm2d(32, eps=1e-05, momentum=0.1, affine=True, track_running_stats=True)
  (conv3): Conv2d(32, 32, kernel_size=(5, 5), stride=(2, 2))
  (bn3): BatchNorm2d(32, eps=1e-05, momentum=0.1, affine=True, track_running_stats=True)
  (fc): Sequential(
    (0): Linear(in_features=2464, out_features=200, bias=True)
    (1): ReLU()
    (2): Linear(in_features=200, out_features=6, bias=True)
  )
)
0 / 500000 frames done
100 / 500000 frames done
200 / 500000 frames done
300 / 500000 frames done
400 / 500000 frames done
500 / 500000 frames done
600 / 500000 frames done
700 / 500000 frames done
800 / 500000 frames done
900 / 500000 frames done
1000 / 500000 frames done
1100 / 500000 frames done
1200 / 500000 frames done
1300 / 500000 frames done
1400 / 500000 frames done
1500 / 500000 frames done
1600 / 500000 frames done
1700 / 500000 frames done
1800 / 500000 frames done
1900 / 500000 frames done
2000 / 500000 frames done
2100 / 500000 frames done
2200 / 500000 frames done
2300 / 500000 frames done
2400 / 500000 frames done
2500 / 500000 frames done
2600 / 500000 frames done
2700 / 500000 frames done
2800 / 500000 frames done
2900 / 500000 frames done
3000 / 500000 frames done
3100 / 500000 frames done
3200 / 500000 frames done
3300 / 500000 frames done
3400 / 500000 frames done
3500 / 500000 frames done
3600 / 500000 frames done
3700 / 500000 frames done
3800 / 500000 frames done
3900 / 500000 frames done
4000 / 500000 frames done
4100 / 500000 frames done
4200 / 500000 frames done
4300 / 500000 frames done
4400 / 500000 frames done
4500 / 500000 frames done
4600 / 500000 frames done
4700 / 500000 frames done
4800 / 500000 frames done
4900 / 500000 frames done
5000 / 500000 frames done
5100 / 500000 frames done
5200 / 500000 frames done
5300 / 500000 frames done
5400 / 500000 frames done
5500 / 500000 frames done
5600 / 500000 frames done
5700 / 500000 frames done
5800 / 500000 frames done
5900 / 500000 frames done
6000 / 500000 frames done
6100 / 500000 frames done
6200 / 500000 frames done
6300 / 500000 frames done
6400 / 500000 frames done
6500 / 500000 frames done
6600 / 500000 frames done
6700 / 500000 frames done
6800 / 500000 frames done
6900 / 500000 frames done
7000 / 500000 frames done
7100 / 500000 frames done
7200 / 500000 frames done
7300 / 500000 frames done
7400 / 500000 frames done
7500 / 500000 frames done
7600 / 500000 frames done
7700 / 500000 frames done
7800 / 500000 frames done
7900 / 500000 frames done
8000 / 500000 frames done
8100 / 500000 frames done
8200 / 500000 frames done
8300 / 500000 frames done
8400 / 500000 frames done
8500 / 500000 frames done
8600 / 500000 frames done
8700 / 500000 frames done
8800 / 500000 frames done
8900 / 500000 frames done
9000 / 500000 frames done
9100 / 500000 frames done
9200 / 500000 frames done
9300 / 500000 frames done
9400 / 500000 frames done
9500 / 500000 frames done
9600 / 500000 frames done
9700 / 500000 frames done
9800 / 500000 frames done
9900 / 500000 frames done
10000 / 500000 frames done
10100 / 500000 frames done
10200 / 500000 frames done
10300 / 500000 frames done
10400 / 500000 frames done
10500 / 500000 frames done
10600 / 500000 frames done
10700 / 500000 frames done
10800 / 500000 frames done
10900 / 500000 frames done
11000 / 500000 frames done
11100 / 500000 frames done
11200 / 500000 frames done
11300 / 500000 frames done
11400 / 500000 frames done
11500 / 500000 frames done
11600 / 500000 frames done
11700 / 500000 frames done
11800 / 500000 frames done
11900 / 500000 frames done
12000 / 500000 frames done
12100 / 500000 frames done
12200 / 500000 frames done
12300 / 500000 frames done
12400 / 500000 frames done
12500 / 500000 frames done
12600 / 500000 frames done
12700 / 500000 frames done
12800 / 500000 frames done
12900 / 500000 frames done
13000 / 500000 frames done
13100 / 500000 frames done
13200 / 500000 frames done
13300 / 500000 frames done
13400 / 500000 frames done
13500 / 500000 frames done
13600 / 500000 frames done
13700 / 500000 frames done
13800 / 500000 frames done
13900 / 500000 frames done
14000 / 500000 frames done
14100 / 500000 frames done
14200 / 500000 frames done
14300 / 500000 frames done
14400 / 500000 frames done
14500 / 500000 frames done
14600 / 500000 frames done
14700 / 500000 frames done
14800 / 500000 frames done
14900 / 500000 frames done
15000 / 500000 frames done
15100 / 500000 frames done
15200 / 500000 frames done
15300 / 500000 frames done
15400 / 500000 frames done
15500 / 500000 frames done
15600 / 500000 frames done
15700 / 500000 frames done
15800 / 500000 frames done
15900 / 500000 frames done
16000 / 500000 frames done
16100 / 500000 frames done
16200 / 500000 frames done
16300 / 500000 frames done
16400 / 500000 frames done
16500 / 500000 frames done
16600 / 500000 frames done
16700 / 500000 frames done
16800 / 500000 frames done
16900 / 500000 frames done
17000 / 500000 frames done
17100 / 500000 frames done
17200 / 500000 frames done
17300 / 500000 frames done
17400 / 500000 frames done
17500 / 500000 frames done
17600 / 500000 frames done
17700 / 500000 frames done
17800 / 500000 frames done
17900 / 500000 frames done
18000 / 500000 frames done
18100 / 500000 frames done
18200 / 500000 frames done
18300 / 500000 frames done
18400 / 500000 frames done
18500 / 500000 frames done
18600 / 500000 frames done
18700 / 500000 frames done
18800 / 500000 frames done
18900 / 500000 frames done
19000 / 500000 frames done
19100 / 500000 frames done
19200 / 500000 frames done
19300 / 500000 frames done
19400 / 500000 frames done
19500 / 500000 frames done
19600 / 500000 frames done
19700 / 500000 frames done
19800 / 500000 frames done
19900 / 500000 frames done
20000 / 500000 frames done
20100 / 500000 frames done
20200 / 500000 frames done
20300 / 500000 frames done
20400 / 500000 frames done
20500 / 500000 frames done
20600 / 500000 frames done
20700 / 500000 frames done
20800 / 500000 frames done
20900 / 500000 frames done
21000 / 500000 frames done
21100 / 500000 frames done
21200 / 500000 frames done
21300 / 500000 frames done
21400 / 500000 frames done
21500 / 500000 frames done
21600 / 500000 frames done
21700 / 500000 frames done
21800 / 500000 frames done
21900 / 500000 frames done
22000 / 500000 frames done
22100 / 500000 frames done
22200 / 500000 frames done
22300 / 500000 frames done
22400 / 500000 frames done
22500 / 500000 frames done
22600 / 500000 frames done
22700 / 500000 frames done
22800 / 500000 frames done
22900 / 500000 frames done
23000 / 500000 frames done
23100 / 500000 frames done
23200 / 500000 frames done
23300 / 500000 frames done
23400 / 500000 frames done
23500 / 500000 frames done
23600 / 500000 frames done
23700 / 500000 frames done
23800 / 500000 frames done
23900 / 500000 frames done
24000 / 500000 frames done
24100 / 500000 frames done
24200 / 500000 frames done
24300 / 500000 frames done
24400 / 500000 frames done
24500 / 500000 frames done
24600 / 500000 frames done
24700 / 500000 frames done
24800 / 500000 frames done
24900 / 500000 frames done
25000 / 500000 frames done
25100 / 500000 frames done
25200 / 500000 frames done
25300 / 500000 frames done
25400 / 500000 frames done
25500 / 500000 frames done
25600 / 500000 frames done
25700 / 500000 frames done
25800 / 500000 frames done
25900 / 500000 frames done
26000 / 500000 frames done
26100 / 500000 frames done
26200 / 500000 frames done
26300 / 500000 frames done
26400 / 500000 frames done
26500 / 500000 frames done
26600 / 500000 frames done
26700 / 500000 frames done
26800 / 500000 frames done
26900 / 500000 frames done
27000 / 500000 frames done
27100 / 500000 frames done
27200 / 500000 frames done
27300 / 500000 frames done
27400 / 500000 frames done
27500 / 500000 frames done
27600 / 500000 frames done
27700 / 500000 frames done
27800 / 500000 frames done
27900 / 500000 frames done
28000 / 500000 frames done
28100 / 500000 frames done
28200 / 500000 frames done
28300 / 500000 frames done
28400 / 500000 frames done
28500 / 500000 frames done
28600 / 500000 frames done
28700 / 500000 frames done
28800 / 500000 frames done
28900 / 500000 frames done
29000 / 500000 frames done
29100 / 500000 frames done
29200 / 500000 frames done
29300 / 500000 frames done
29400 / 500000 frames done
29500 / 500000 frames done
29600 / 500000 frames done
29700 / 500000 frames done
29800 / 500000 frames done
29900 / 500000 frames done
30000 / 500000 frames done
30100 / 500000 frames done
30200 / 500000 frames done
30300 / 500000 frames done
30400 / 500000 frames done
30500 / 500000 frames done
30600 / 500000 frames done
30700 / 500000 frames done
30800 / 500000 frames done
30900 / 500000 frames done
31000 / 500000 frames done
31100 / 500000 frames done
31200 / 500000 frames done
31300 / 500000 frames done
31400 / 500000 frames done
31500 / 500000 frames done
31600 / 500000 frames done
31700 / 500000 frames done
31800 / 500000 frames done
31900 / 500000 frames done
32000 / 500000 frames done
32100 / 500000 frames done
32200 / 500000 frames done
32300 / 500000 frames done
32400 / 500000 frames done
32500 / 500000 frames done
32600 / 500000 frames done
32700 / 500000 frames done
32800 / 500000 frames done
32900 / 500000 frames done
33000 / 500000 frames done
33100 / 500000 frames done
33200 / 500000 frames done
33300 / 500000 frames done
33400 / 500000 frames done
33500 / 500000 frames done
33600 / 500000 frames done
33700 / 500000 frames done
33800 / 500000 frames done
33900 / 500000 frames done
34000 / 500000 frames done
34100 / 500000 frames done
34200 / 500000 frames done
34300 / 500000 frames done
34400 / 500000 frames done
34500 / 500000 frames done
34600 / 500000 frames done
34700 / 500000 frames done
34800 / 500000 frames done
34900 / 500000 frames done
35000 / 500000 frames done
35100 / 500000 frames done
35200 / 500000 frames done
35300 / 500000 frames done
35400 / 500000 frames done
35500 / 500000 frames done
35600 / 500000 frames done
35700 / 500000 frames done
35800 / 500000 frames done
35900 / 500000 frames done
36000 / 500000 frames done
36100 / 500000 frames done
36200 / 500000 frames done
36300 / 500000 frames done
36400 / 500000 frames done
36500 / 500000 frames done
36600 / 500000 frames done
36700 / 500000 frames done
36800 / 500000 frames done
36900 / 500000 frames done
37000 / 500000 frames done
37100 / 500000 frames done
37200 / 500000 frames done
37300 / 500000 frames done
37400 / 500000 frames done
37500 / 500000 frames done
37600 / 500000 frames done
37700 / 500000 frames done
37800 / 500000 frames done
37900 / 500000 frames done
38000 / 500000 frames done
38100 / 500000 frames done
38200 / 500000 frames done
38300 / 500000 frames done
38400 / 500000 frames done
38500 / 500000 frames done
38600 / 500000 frames done
38700 / 500000 frames done
38800 / 500000 frames done
38900 / 500000 frames done
39000 / 500000 frames done
39100 / 500000 frames done
39200 / 500000 frames done
39300 / 500000 frames done
39400 / 500000 frames done
39500 / 500000 frames done
39600 / 500000 frames done
39700 / 500000 frames done
39800 / 500000 frames done
39900 / 500000 frames done
40000 / 500000 frames done
40100 / 500000 frames done
40200 / 500000 frames done
40300 / 500000 frames done
40400 / 500000 frames done
40500 / 500000 frames done
40600 / 500000 frames done
40700 / 500000 frames done
40800 / 500000 frames done
40900 / 500000 frames done
41000 / 500000 frames done
41100 / 500000 frames done
41200 / 500000 frames done
41300 / 500000 frames done
41400 / 500000 frames done
41500 / 500000 frames done
41600 / 500000 frames done
41700 / 500000 frames done
41800 / 500000 frames done
41900 / 500000 frames done
42000 / 500000 frames done
42100 / 500000 frames done
42200 / 500000 frames done
42300 / 500000 frames done
42400 / 500000 frames done
42500 / 500000 frames done
42600 / 500000 frames done
42700 / 500000 frames done
42800 / 500000 frames done
42900 / 500000 frames done
43000 / 500000 frames done
43100 / 500000 frames done
43200 / 500000 frames done
43300 / 500000 frames done
43400 / 500000 frames done
43500 / 500000 frames done
43600 / 500000 frames done
43700 / 500000 frames done
43800 / 500000 frames done
43900 / 500000 frames done
44000 / 500000 frames done
44100 / 500000 frames done
44200 / 500000 frames done
44300 / 500000 frames done
44400 / 500000 frames done
44500 / 500000 frames done
44600 / 500000 frames done
44700 / 500000 frames done
44800 / 500000 frames done
44900 / 500000 frames done
45000 / 500000 frames done
45100 / 500000 frames done
45200 / 500000 frames done
45300 / 500000 frames done
45400 / 500000 frames done
45500 / 500000 frames done
45600 / 500000 frames done
45700 / 500000 frames done
45800 / 500000 frames done
45900 / 500000 frames done
46000 / 500000 frames done
46100 / 500000 frames done
46200 / 500000 frames done
46300 / 500000 frames done
46400 / 500000 frames done
46500 / 500000 frames done
46600 / 500000 frames done
46700 / 500000 frames done
46800 / 500000 frames done
46900 / 500000 frames done
47000 / 500000 frames done
47100 / 500000 frames done
47200 / 500000 frames done
47300 / 500000 frames done
47400 / 500000 frames done
47500 / 500000 frames done
47600 / 500000 frames done
47700 / 500000 frames done
47800 / 500000 frames done
47900 / 500000 frames done
48000 / 500000 frames done
48100 / 500000 frames done
48200 / 500000 frames done
48300 / 500000 frames done
48400 / 500000 frames done
48500 / 500000 frames done
48600 / 500000 frames done
48700 / 500000 frames done
48800 / 500000 frames done
48900 / 500000 frames done
49000 / 500000 frames done
49100 / 500000 frames done
49200 / 500000 frames done
49300 / 500000 frames done
49400 / 500000 frames done
49500 / 500000 frames done
49600 / 500000 frames done
49700 / 500000 frames done
49800 / 500000 frames done
49900 / 500000 frames done
50000 / 500000 frames done
50100 / 500000 frames done
50200 / 500000 frames done
50300 / 500000 frames done
50400 / 500000 frames done
50500 / 500000 frames done
50600 / 500000 frames done
50700 / 500000 frames done
50800 / 500000 frames done
50900 / 500000 frames done
51000 / 500000 frames done
51100 / 500000 frames done
51200 / 500000 frames done
51300 / 500000 frames done
51400 / 500000 frames done
51500 / 500000 frames done
51600 / 500000 frames done
51700 / 500000 frames done
51800 / 500000 frames done
51900 / 500000 frames done
52000 / 500000 frames done
52100 / 500000 frames done
52200 / 500000 frames done
52300 / 500000 frames done
52400 / 500000 frames done
52500 / 500000 frames done
52600 / 500000 frames done
52700 / 500000 frames done
52800 / 500000 frames done
52900 / 500000 frames done
53000 / 500000 frames done
53100 / 500000 frames done
53200 / 500000 frames done
53300 / 500000 frames done
53400 / 500000 frames done
53500 / 500000 frames done
53600 / 500000 frames done
53700 / 500000 frames done
53800 / 500000 frames done
53900 / 500000 frames done
54000 / 500000 frames done
54100 / 500000 frames done
54200 / 500000 frames done
54300 / 500000 frames done
54400 / 500000 frames done
54500 / 500000 frames done
54600 / 500000 frames done
54700 / 500000 frames done
54800 / 500000 frames done
54900 / 500000 frames done
55000 / 500000 frames done
55100 / 500000 frames done
55200 / 500000 frames done
55300 / 500000 frames done
55400 / 500000 frames done
55500 / 500000 frames done
55600 / 500000 frames done
55700 / 500000 frames done
55800 / 500000 frames done
55900 / 500000 frames done
56000 / 500000 frames done
56100 / 500000 frames done
56200 / 500000 frames done
56300 / 500000 frames done
56400 / 500000 frames done
56500 / 500000 frames done
56600 / 500000 frames done
56700 / 500000 frames done
56800 / 500000 frames done
56900 / 500000 frames done
57000 / 500000 frames done
57100 / 500000 frames done
57200 / 500000 frames done
57300 / 500000 frames done
27000 / 500000 frames done
27100 / 500000 frames done
27200 / 500000 frames done
27300 / 500000 frames done
27400 / 500000 frames done
27500 / 500000 frames done
27600 / 500000 frames done
27700 / 500000 frames done
27800 / 500000 frames done
27900 / 500000 frames done
28000 / 500000 frames done
28100 / 500000 frames done
28200 / 500000 frames done
28300 / 500000 frames done
28400 / 500000 frames done
28500 / 500000 frames done
28600 / 500000 frames done
28700 / 500000 frames done
28800 / 500000 frames done
28900 / 500000 frames done
29000 / 500000 frames done
29100 / 500000 frames done
29200 / 500000 frames done
29300 / 500000 frames done
29400 / 500000 frames done
29500 / 500000 frames done
29600 / 500000 frames done
29700 / 500000 frames done
29800 / 500000 frames done
29900 / 500000 frames done
30000 / 500000 frames done
30100 / 500000 frames done
30200 / 500000 frames done
30300 / 500000 frames done
30400 / 500000 frames done
30500 / 500000 frames done
30600 / 500000 frames done
30700 / 500000 frames done
30800 / 500000 frames done
30900 / 500000 frames done
31000 / 500000 frames done
31100 / 500000 frames done
31200 / 500000 frames done
31300 / 500000 frames done
31400 / 500000 frames done
31500 / 500000 frames done
31600 / 500000 frames done
31700 / 500000 frames done
31800 / 500000 frames done
31900 / 500000 frames done
32000 / 500000 frames done
32100 / 500000 frames done
32200 / 500000 frames done
32300 / 500000 frames done
32400 / 500000 frames done
32500 / 500000 frames done
32600 / 500000 frames done
32700 / 500000 frames done
32800 / 500000 frames done
32900 / 500000 frames done
33000 / 500000 frames done
33100 / 500000 frames done
33200 / 500000 frames done
33300 / 500000 frames done
33400 / 500000 frames done
33500 / 500000 frames done
33600 / 500000 frames done
33700 / 500000 frames done
33800 / 500000 frames done
33900 / 500000 frames done
34000 / 500000 frames done
34100 / 500000 frames done
34200 / 500000 frames done
34300 / 500000 frames done
34400 / 500000 frames done
34500 / 500000 frames done
34600 / 500000 frames done
34700 / 500000 frames done
34800 / 500000 frames done
34900 / 500000 frames done
35000 / 500000 frames done
35100 / 500000 frames done
35200 / 500000 frames done
35300 / 500000 frames done
35400 / 500000 frames done
35500 / 500000 frames done
35600 / 500000 frames done
35700 / 500000 frames done
35800 / 500000 frames done
35900 / 500000 frames done
36000 / 500000 frames done
36100 / 500000 frames done
36200 / 500000 frames done
36300 / 500000 frames done
36400 / 500000 frames done
36500 / 500000 frames done
36600 / 500000 frames done
36700 / 500000 frames done
36800 / 500000 frames done
36900 / 500000 frames done
37000 / 500000 frames done
37100 / 500000 frames done
37200 / 500000 frames done
37300 / 500000 frames done
37400 / 500000 frames done
37500 / 500000 frames done
37600 / 500000 frames done
37700 / 500000 frames done
37800 / 500000 frames done
37900 / 500000 frames done
38000 / 500000 frames done
38100 / 500000 frames done
38200 / 500000 frames done
38300 / 500000 frames done
38400 / 500000 frames done
38500 / 500000 frames done
38600 / 500000 frames done
38700 / 500000 frames done
38800 / 500000 frames done
38900 / 500000 frames done
39000 / 500000 frames done
39100 / 500000 frames done
39200 / 500000 frames done
39300 / 500000 frames done
39400 / 500000 frames done
39500 / 500000 frames done
39600 / 500000 frames done
39700 / 500000 frames done
39800 / 500000 frames done
39900 / 500000 frames done
40000 / 500000 frames done
40100 / 500000 frames done
40200 / 500000 frames done
40300 / 500000 frames done
40400 / 500000 frames done
40500 / 500000 frames done
40600 / 500000 frames done
40700 / 500000 frames done
40800 / 500000 frames done
40900 / 500000 frames done
41000 / 500000 frames done
41100 / 500000 frames done
41200 / 500000 frames done
41300 / 500000 frames done
41400 / 500000 frames done
41500 / 500000 frames done
41600 / 500000 frames done
41700 / 500000 frames done
41800 / 500000 frames done
41900 / 500000 frames done
42000 / 500000 frames done
42100 / 500000 frames done
42200 / 500000 frames done
42300 / 500000 frames done
42400 / 500000 frames done
42500 / 500000 frames done
42600 / 500000 frames done
42700 / 500000 frames done
42800 / 500000 frames done
42900 / 500000 frames done
43000 / 500000 frames done
43100 / 500000 frames done
43200 / 500000 frames done
43300 / 500000 frames done
43400 / 500000 frames done
43500 / 500000 frames done
43600 / 500000 frames done
43700 / 500000 frames done
43800 / 500000 frames done
43900 / 500000 frames done
44000 / 500000 frames done
44100 / 500000 frames done
44200 / 500000 frames done
44300 / 500000 frames done
44400 / 500000 frames done
44500 / 500000 frames done
44600 / 500000 frames done
44700 / 500000 frames done
44800 / 500000 frames done
44900 / 500000 frames done
45000 / 500000 frames done
45100 / 500000 frames done
45200 / 500000 frames done
45300 / 500000 frames done
45400 / 500000 frames done
45500 / 500000 frames done
45600 / 500000 frames done
45700 / 500000 frames done
45800 / 500000 frames done
45900 / 500000 frames done
46000 / 500000 frames done
46100 / 500000 frames done
46200 / 500000 frames done
46300 / 500000 frames done
46400 / 500000 frames done
46500 / 500000 frames done
46600 / 500000 frames done
46700 / 500000 frames done
46800 / 500000 frames done
46900 / 500000 frames done
47000 / 500000 frames done
47100 / 500000 frames done
47200 / 500000 frames done
47300 / 500000 frames done
47400 / 500000 frames done
47500 / 500000 frames done
47600 / 500000 frames done
47700 / 500000 frames done
47800 / 500000 frames done
47900 / 500000 frames done
48000 / 500000 frames done
48100 / 500000 frames done
48200 / 500000 frames done
48300 / 500000 frames done
48400 / 500000 frames done
48500 / 500000 frames done
48600 / 500000 frames done
48700 / 500000 frames done
48800 / 500000 frames done
48900 / 500000 frames done
49000 / 500000 frames done
49100 / 500000 frames done
49200 / 500000 frames done
49300 / 500000 frames done
49400 / 500000 frames done
49500 / 500000 frames done
49600 / 500000 frames done
49700 / 500000 frames done
49800 / 500000 frames done
49900 / 500000 frames done
50000 / 500000 frames done
50100 / 500000 frames done
50200 / 500000 frames done
50300 / 500000 frames done
50400 / 500000 frames done
50500 / 500000 frames done
50600 / 500000 frames done
50700 / 500000 frames done
50800 / 500000 frames done
50900 / 500000 frames done
51000 / 500000 frames done
51100 / 500000 frames done
51200 / 500000 frames done
51300 / 500000 frames done
51400 / 500000 frames done
51500 / 500000 frames done
51600 / 500000 frames done
51700 / 500000 frames done
51800 / 500000 frames done
51900 / 500000 frames done
52000 / 500000 frames done
52100 / 500000 frames done
52200 / 500000 frames done
52300 / 500000 frames done
52400 / 500000 frames done
52500 / 500000 frames done
52600 / 500000 frames done
52700 / 500000 frames done
52800 / 500000 frames done
52900 / 500000 frames done
53000 / 500000 frames done
53100 / 500000 frames done
53200 / 500000 frames done
53300 / 500000 frames done
53400 / 500000 frames done
53500 / 500000 frames done
53600 / 500000 frames done
53700 / 500000 frames done
53800 / 500000 frames done
53900 / 500000 frames done
54000 / 500000 frames done
54100 / 500000 frames done
54200 / 500000 frames done
54300 / 500000 frames done
54400 / 500000 frames done
54500 / 500000 frames done
54600 / 500000 frames done
54700 / 500000 frames done
54800 / 500000 frames done
54900 / 500000 frames done
55000 / 500000 frames done
55100 / 500000 frames done
55200 / 500000 frames done
55300 / 500000 frames done
55400 / 500000 frames done
55500 / 500000 frames done
55600 / 500000 frames done
55700 / 500000 frames done
55800 / 500000 frames done
55900 / 500000 frames done
56000 / 500000 frames done
56100 / 500000 frames done
56200 / 500000 frames done
56300 / 500000 frames done
56400 / 500000 frames done
56500 / 500000 frames done
56600 / 500000 frames done
56700 / 500000 frames done
56800 / 500000 frames done
56900 / 500000 frames done
57000 / 500000 frames done
57100 / 500000 frames done
57200 / 500000 frames done
57300 / 500000 frames done
27000 / 500000 frames done
27100 / 500000 frames done
27200 / 500000 frames done
27300 / 500000 frames done
27400 / 500000 frames done
27500 / 500000 frames done
27600 / 500000 frames done
27700 / 500000 frames done
27800 / 500000 frames done
27900 / 500000 frames done
28000 / 500000 frames done
28100 / 500000 frames done
28200 / 500000 frames done
28300 / 500000 frames done
28400 / 500000 frames done
28500 / 500000 frames done
28600 / 500000 frames done
28700 / 500000 frames done
28800 / 500000 frames done
28900 / 500000 frames done
29000 / 500000 frames done
29100 / 500000 frames done
29200 / 500000 frames done
29300 / 500000 frames done
29400 / 500000 frames done
29500 / 500000 frames done
29600 / 500000 frames done
29700 / 500000 frames done
29800 / 500000 frames done
29900 / 500000 frames done
30000 / 500000 frames done
30100 / 500000 frames done
30200 / 500000 frames done
30300 / 500000 frames done
30400 / 500000 frames done
30500 / 500000 frames done
30600 / 500000 frames done
30700 / 500000 frames done
30800 / 500000 frames done
30900 / 500000 frames done
31000 / 500000 frames done
31100 / 500000 frames done
31200 / 500000 frames done
31300 / 500000 frames done
31400 / 500000 frames done
31500 / 500000 frames done
31600 / 500000 frames done
31700 / 500000 frames done
31800 / 500000 frames done
31900 / 500000 frames done
32000 / 500000 frames done
32100 / 500000 frames done
32200 / 500000 frames done
32300 / 500000 frames done
32400 / 500000 frames done
32500 / 500000 frames done
32600 / 500000 frames done
32700 / 500000 frames done
32800 / 500000 frames done
32900 / 500000 frames done
33000 / 500000 frames done
33100 / 500000 frames done
33200 / 500000 frames done
33300 / 500000 frames done
33400 / 500000 frames done
33500 / 500000 frames done
33600 / 500000 frames done
33700 / 500000 frames done
33800 / 500000 frames done
33900 / 500000 frames done
34000 / 500000 frames done
34100 / 500000 frames done
34200 / 500000 frames done
34300 / 500000 frames done
34400 / 500000 frames done
34500 / 500000 frames done
34600 / 500000 frames done
34700 / 500000 frames done
34800 / 500000 frames done
34900 / 500000 frames done
35000 / 500000 frames done
35100 / 500000 frames done
35200 / 500000 frames done
35300 / 500000 frames done
35400 / 500000 frames done
35500 / 500000 frames done
35600 / 500000 frames done
35700 / 500000 frames done
35800 / 500000 frames done
35900 / 500000 frames done
36000 / 500000 frames done
36100 / 500000 frames done
36200 / 500000 frames done
36300 / 500000 frames done
36400 / 500000 frames done
36500 / 500000 frames done
36600 / 500000 frames done
36700 / 500000 frames done
36800 / 500000 frames done
36900 / 500000 frames done
37000 / 500000 frames done
37100 / 500000 frames done
37200 / 500000 frames done
37300 / 500000 frames done
37400 / 500000 frames done
37500 / 500000 frames done
37600 / 500000 frames done
37700 / 500000 frames done
37800 / 500000 frames done
37900 / 500000 frames done
38000 / 500000 frames done
38100 / 500000 frames done
38200 / 500000 frames done
38300 / 500000 frames done
38400 / 500000 frames done
38500 / 500000 frames done
38600 / 500000 frames done
38700 / 500000 frames done
38800 / 500000 frames done
38900 / 500000 frames done
39000 / 500000 frames done
39100 / 500000 frames done
39200 / 500000 frames done
39300 / 500000 frames done
39400 / 500000 frames done
39500 / 500000 frames done
39600 / 500000 frames done
39700 / 500000 frames done
39800 / 500000 frames done
39900 / 500000 frames done
40000 / 500000 frames done
40100 / 500000 frames done
40200 / 500000 frames done
40300 / 500000 frames done
40400 / 500000 frames done
40500 / 500000 frames done
40600 / 500000 frames done
40700 / 500000 frames done
40800 / 500000 frames done
40900 / 500000 frames done
41000 / 500000 frames done
41100 / 500000 frames done
41200 / 500000 frames done
41300 / 500000 frames done
41400 / 500000 frames done
41500 / 500000 frames done
41600 / 500000 frames done
41700 / 500000 frames done
41800 / 500000 frames done
41900 / 500000 frames done
42000 / 500000 frames done
42100 / 500000 frames done
42200 / 500000 frames done
42300 / 500000 frames done
42400 / 500000 frames done
42500 / 500000 frames done
42600 / 500000 frames done
42700 / 500000 frames done
42800 / 500000 frames done
42900 / 500000 frames done
43000 / 500000 frames done
43100 / 500000 frames done
43200 / 500000 frames done
43300 / 500000 frames done
43400 / 500000 frames done
43500 / 500000 frames done
43600 / 500000 frames done
43700 / 500000 frames done
43800 / 500000 frames done
43900 / 500000 frames done
44000 / 500000 frames done
44100 / 500000 frames done
44200 / 500000 frames done
44300 / 500000 frames done
44400 / 500000 frames done
44500 / 500000 frames done
44600 / 500000 frames done
44700 / 500000 frames done
44800 / 500000 frames done
44900 / 500000 frames done
45000 / 500000 frames done
45100 / 500000 frames done
45200 / 500000 frames done
45300 / 500000 frames done
45400 / 500000 frames done
45500 / 500000 frames done
45600 / 500000 frames done
45700 / 500000 frames done
45800 / 500000 frames done
45900 / 500000 frames done
46000 / 500000 frames done
46100 / 500000 frames done
46200 / 500000 frames done
46300 / 500000 frames done
46400 / 500000 frames done
46500 / 500000 frames done
46600 / 500000 frames done
46700 / 500000 frames done
46800 / 500000 frames done
46900 / 500000 frames done
47000 / 500000 frames done
47100 / 500000 frames done
47200 / 500000 frames done
47300 / 500000 frames done
47400 / 500000 frames done
47500 / 500000 frames done
47600 / 500000 frames done
47700 / 500000 frames done
47800 / 500000 frames done
47900 / 500000 frames done
48000 / 500000 frames done
48100 / 500000 frames done
48200 / 500000 frames done
48300 / 500000 frames done
48400 / 500000 frames done
48500 / 500000 frames done
48600 / 500000 frames done
48700 / 500000 frames done
48800 / 500000 frames done
48900 / 500000 frames done
49000 / 500000 frames done
49100 / 500000 frames done
49200 / 500000 frames done
49300 / 500000 frames done
49400 / 500000 frames done
49500 / 500000 frames done
49600 / 500000 frames done
49700 / 500000 frames done
49800 / 500000 frames done
49900 / 500000 frames done
50000 / 500000 frames done
50100 / 500000 frames done
50200 / 500000 frames done
50300 / 500000 frames done
50400 / 500000 frames done
50500 / 500000 frames done
50600 / 500000 frames done
50700 / 500000 frames done
50800 / 500000 frames done
50900 / 500000 frames done
51000 / 500000 frames done
51100 / 500000 frames done
51200 / 500000 frames done
51300 / 500000 frames done
51400 / 500000 frames done
51500 / 500000 frames done
51600 / 500000 frames done
51700 / 500000 frames done
51800 / 500000 frames done
51900 / 500000 frames done
52000 / 500000 frames done
52100 / 500000 frames done
52200 / 500000 frames done
52300 / 500000 frames done
52400 / 500000 frames done
52500 / 500000 frames done
52600 / 500000 frames done
52700 / 500000 frames done
52800 / 500000 frames done
52900 / 500000 frames done
53000 / 500000 frames done
53100 / 500000 frames done
53200 / 500000 frames done
53300 / 500000 frames done
53400 / 500000 frames done
53500 / 500000 frames done
53600 / 500000 frames done
53700 / 500000 frames done
53800 / 500000 frames done
53900 / 500000 frames done
54000 / 500000 frames done
54100 / 500000 frames done
54200 / 500000 frames done
54300 / 500000 frames done
54400 / 500000 frames done
54500 / 500000 frames done
54600 / 500000 frames done
54700 / 500000 frames done
54800 / 500000 frames done
54900 / 500000 frames done
55000 / 500000 frames done
55100 / 500000 frames done
55200 / 500000 frames done
55300 / 500000 frames done
55400 / 500000 frames done
55500 / 500000 frames done
55600 / 500000 frames done
55700 / 500000 frames done
55800 / 500000 frames done
55900 / 500000 frames done
56000 / 500000 frames done
56100 / 500000 frames done
56200 / 500000 frames done
56300 / 500000 frames done
56400 / 500000 frames done
56500 / 500000 frames done
56600 / 500000 frames done
56700 / 500000 frames done
56800 / 500000 frames done
56900 / 500000 frames done
57000 / 500000 frames done
57100 / 500000 frames done
57200 / 500000 frames done
57300 / 500000 frames done
27000 / 500000 frames done
27100 / 500000 frames done
27200 / 500000 frames done
27300 / 500000 frames done
27400 / 500000 frames done
27500 / 500000 frames done
27600 / 500000 frames done
27700 / 500000 frames done
27800 / 500000 frames done
27900 / 500000 frames done
28000 / 500000 frames done
28100 / 500000 frames done
28200 / 500000 frames done
28300 / 500000 frames done
28400 / 500000 frames done
28500 / 500000 frames done
28600 / 500000 frames done
28700 / 500000 frames done
28800 / 500000 frames done
28900 / 500000 frames done
29000 / 500000 frames done
29100 / 500000 frames done
29200 / 500000 frames done
29300 / 500000 frames done
29400 / 500000 frames done
29500 / 500000 frames done
29600 / 500000 frames done
29700 / 500000 frames done
29800 / 500000 frames done
29900 / 500000 frames done
30000 / 500000 frames done
30100 / 500000 frames done
30200 / 500000 frames done
30300 / 500000 frames done
30400 / 500000 frames done
30500 / 500000 frames done
30600 / 500000 frames done
30700 / 500000 frames done
30800 / 500000 frames done
30900 / 500000 frames done
31000 / 500000 frames done
31100 / 500000 frames done
31200 / 500000 frames done
31300 / 500000 frames done
31400 / 500000 frames done
31500 / 500000 frames done
31600 / 500000 frames done
31700 / 500000 frames done
31800 / 500000 frames done
31900 / 500000 frames done
32000 / 500000 frames done
32100 / 500000 frames done
32200 / 500000 frames done
32300 / 500000 frames done
32400 / 500000 frames done
32500 / 500000 frames done
32600 / 500000 frames done
32700 / 500000 frames done
32800 / 500000 frames done
32900 / 500000 frames done
33000 / 500000 frames done
33100 / 500000 frames done
33200 / 500000 frames done
33300 / 500000 frames done
33400 / 500000 frames done
33500 / 500000 frames done
33600 / 500000 frames done
33700 / 500000 frames done
33800 / 500000 frames done
33900 / 500000 frames done
34000 / 500000 frames done
34100 / 500000 frames done
34200 / 500000 frames done
34300 / 500000 frames done
34400 / 500000 frames done
34500 / 500000 frames done
34600 / 500000 frames done
34700 / 500000 frames done
34800 / 500000 frames done
34900 / 500000 frames done
35000 / 500000 frames done
35100 / 500000 frames done
35200 / 500000 frames done
35300 / 500000 frames done
35400 / 500000 frames done
35500 / 500000 frames done
35600 / 500000 frames done
35700 / 500000 frames done
35800 / 500000 frames done
35900 / 500000 frames done
36000 / 500000 frames done
36100 / 500000 frames done
36200 / 500000 frames done
36300 / 500000 frames done
36400 / 500000 frames done
36500 / 500000 frames done
36600 / 500000 frames done
36700 / 500000 frames done
36800 / 500000 frames done
36900 / 500000 frames done
37000 / 500000 frames done
37100 / 500000 frames done
37200 / 500000 frames done
37300 / 500000 frames done
37400 / 500000 frames done
37500 / 500000 frames done
37600 / 500000 frames done
37700 / 500000 frames done
37800 / 500000 frames done
37900 / 500000 frames done
38000 / 500000 frames done
38100 / 500000 frames done
38200 / 500000 frames done
38300 / 500000 frames done
38400 / 500000 frames done
38500 / 500000 frames done
38600 / 500000 frames done
38700 / 500000 frames done
38800 / 500000 frames done
38900 / 500000 frames done
39000 / 500000 frames done
39100 / 500000 frames done
39200 / 500000 frames done
39300 / 500000 frames done
39400 / 500000 frames done
39500 / 500000 frames done
39600 / 500000 frames done
39700 / 500000 frames done
39800 / 500000 frames done
39900 / 500000 frames done
40000 / 500000 frames done
40100 / 500000 frames done
40200 / 500000 frames done
40300 / 500000 frames done
40400 / 500000 frames done
40500 / 500000 frames done
40600 / 500000 frames done
40700 / 500000 frames done
40800 / 500000 frames done
40900 / 500000 frames done
41000 / 500000 frames done
41100 / 500000 frames done
41200 / 500000 frames done
41300 / 500000 frames done
41400 / 500000 frames done
41500 / 500000 frames done
41600 / 500000 frames done
41700 / 500000 frames done
41800 / 500000 frames done
41900 / 500000 frames done
42000 / 500000 frames done
42100 / 500000 frames done
42200 / 500000 frames done
42300 / 500000 frames done
42400 / 500000 frames done
42500 / 500000 frames done
42600 / 500000 frames done
42700 / 500000 frames done
42800 / 500000 frames done
42900 / 500000 frames done
43000 / 500000 frames done
43100 / 500000 frames done
43200 / 500000 frames done
43300 / 500000 frames done
43400 / 500000 frames done
43500 / 500000 frames done
43600 / 500000 frames done
43700 / 500000 frames done
43800 / 500000 frames done
43900 / 500000 frames done
44000 / 500000 frames done
44100 / 500000 frames done
44200 / 500000 frames done
44300 / 500000 frames done
44400 / 500000 frames done
44500 / 500000 frames done
44600 / 500000 frames done
44700 / 500000 frames done
44800 / 500000 frames done
44900 / 500000 frames done
45000 / 500000 frames done
45100 / 500000 frames done
45200 / 500000 frames done
45300 / 500000 frames done
45400 / 500000 frames done
45500 / 500000 frames done
45600 / 500000 frames done
45700 / 500000 frames done
45800 / 500000 frames done
45900 / 500000 frames done
46000 / 500000 frames done
46100 / 500000 frames done
46200 / 500000 frames done
46300 / 500000 frames done
46400 / 500000 frames done
46500 / 500000 frames done
46600 / 500000 frames done
46700 / 500000 frames done
46800 / 500000 frames done
46900 / 500000 frames done
47000 / 500000 frames done
47100 / 500000 frames done
47200 / 500000 frames done
47300 / 500000 frames done
47400 / 500000 frames done
47500 / 500000 frames done
47600 / 500000 frames done
47700 / 500000 frames done
47800 / 500000 frames done
47900 / 500000 frames done
48000 / 500000 frames done
48100 / 500000 frames done
48200 / 500000 frames done
48300 / 500000 frames done
48400 / 500000 frames done
48500 / 500000 frames done
48600 / 500000 frames done
48700 / 500000 frames done
48800 / 500000 frames done
48900 / 500000 frames done
49000 / 500000 frames done
49100 / 500000 frames done
49200 / 500000 frames done
49300 / 500000 frames done
49400 / 500000 frames done
49500 / 500000 frames done
49600 / 500000 frames done
49700 / 500000 frames done
49800 / 500000 frames done
49900 / 500000 frames done
50000 / 500000 frames done
50100 / 500000 frames done
50200 / 500000 frames done
50300 / 500000 frames done
50400 / 500000 frames done
50500 / 500000 frames done
50600 / 500000 frames done
50700 / 500000 frames done
50800 / 500000 frames done
50900 / 500000 frames done
51000 / 500000 frames done
51100 / 500000 frames done
51200 / 500000 frames done
51300 / 500000 frames done
51400 / 500000 frames done
51500 / 500000 frames done
51600 / 500000 frames done
51700 / 500000 frames done
51800 / 500000 frames done
51900 / 500000 frames done
52000 / 500000 frames done
52100 / 500000 frames done
52200 / 500000 frames done
52300 / 500000 frames done
52400 / 500000 frames done
52500 / 500000 frames done
52600 / 500000 frames done
52700 / 500000 frames done
52800 / 500000 frames done
52900 / 500000 frames done
53000 / 500000 frames done
53100 / 500000 frames done
53200 / 500000 frames done
53300 / 500000 frames done
53400 / 500000 frames done
53500 / 500000 frames done
53600 / 500000 frames done
53700 / 500000 frames done
53800 / 500000 frames done
53900 / 500000 frames done
54000 / 500000 frames done
54100 / 500000 frames done
54200 / 500000 frames done
54300 / 500000 frames done
54400 / 500000 frames done
54500 / 500000 frames done
54600 / 500000 frames done
54700 / 500000 frames done
54800 / 500000 frames done
54900 / 500000 frames done
55000 / 500000 frames done
55100 / 500000 frames done
55200 / 500000 frames done
55300 / 500000 frames done
55400 / 500000 frames done
55500 / 500000 frames done
55600 / 500000 frames done
55700 / 500000 frames done
55800 / 500000 frames done
55900 / 500000 frames done
56000 / 500000 frames done
56100 / 500000 frames done
56200 / 500000 frames done
56300 / 500000 frames done
56400 / 500000 frames done
56500 / 500000 frames done
56600 / 500000 frames done
56700 / 500000 frames done
56800 / 500000 frames done
56900 / 500000 frames done
57000 / 500000 frames done
57100 / 500000 frames done
57200 / 500000 frames done
57300 / 500000 frames done
57400 / 500000 frames done
57500 / 500000 frames done
57600 / 500000 frames done
57700 / 500000 frames done
57800 / 500000 frames done
57900 / 500000 frames done
58000 / 500000 frames done
58100 / 500000 frames done
58200 / 500000 frames done
58300 / 500000 frames done
58400 / 500000 frames done
58500 / 500000 frames done
58600 / 500000 frames done
58700 / 500000 frames done
58800 / 500000 frames done
58900 / 500000 frames done
59000 / 500000 frames done
59100 / 500000 frames done
59200 / 500000 frames done
59300 / 500000 frames done
59400 / 500000 frames done
59500 / 500000 frames done
59600 / 500000 frames done
59700 / 500000 frames done
59800 / 500000 frames done
59900 / 500000 frames done
60000 / 500000 frames done
60100 / 500000 frames done
60200 / 500000 frames done
60300 / 500000 frames done
60400 / 500000 frames done
60500 / 500000 frames done
60600 / 500000 frames done
60700 / 500000 frames done
60800 / 500000 frames done
60900 / 500000 frames done
61000 / 500000 frames done
61100 / 500000 frames done
61200 / 500000 frames done
61300 / 500000 frames done
61400 / 500000 frames done
61500 / 500000 frames done
61600 / 500000 frames done
61700 / 500000 frames done
61800 / 500000 frames done
61900 / 500000 frames done
62000 / 500000 frames done
62100 / 500000 frames done
62200 / 500000 frames done
62300 / 500000 frames done
62400 / 500000 frames done
62500 / 500000 frames done
62600 / 500000 frames done
62700 / 500000 frames done
62800 / 500000 frames done
62900 / 500000 frames done
63000 / 500000 frames done
63100 / 500000 frames done
63200 / 500000 frames done
63300 / 500000 frames done
63400 / 500000 frames done
63500 / 500000 frames done
63600 / 500000 frames done
63700 / 500000 frames done
63800 / 500000 frames done
63900 / 500000 frames done
64000 / 500000 frames done
64100 / 500000 frames done
64200 / 500000 frames done
64300 / 500000 frames done
64400 / 500000 frames done
64500 / 500000 frames done
64600 / 500000 frames done
64700 / 500000 frames done
64800 / 500000 frames done
64900 / 500000 frames done
65000 / 500000 frames done
65100 / 500000 frames done
65200 / 500000 frames done
65300 / 500000 frames done
65400 / 500000 frames done
65500 / 500000 frames done
65600 / 500000 frames done
65700 / 500000 frames done
65800 / 500000 frames done
65900 / 500000 frames done
66000 / 500000 frames done
66100 / 500000 frames done
66200 / 500000 frames done
66300 / 500000 frames done
66400 / 500000 frames done
66500 / 500000 frames done
66600 / 500000 frames done
66700 / 500000 frames done
66800 / 500000 frames done
66900 / 500000 frames done
67000 / 500000 frames done
67100 / 500000 frames done
67200 / 500000 frames done
67300 / 500000 frames done
67400 / 500000 frames done
67500 / 500000 frames done
67600 / 500000 frames done
67700 / 500000 frames done
67800 / 500000 frames done
67900 / 500000 frames done
68000 / 500000 frames done
68100 / 500000 frames done
68200 / 500000 frames done
68300 / 500000 frames done
68400 / 500000 frames done
68500 / 500000 frames done
68600 / 500000 frames done
68700 / 500000 frames done
68800 / 500000 frames done
68900 / 500000 frames done
69000 / 500000 frames done
69100 / 500000 frames done
69200 / 500000 frames done
69300 / 500000 frames done
69400 / 500000 frames done
69500 / 500000 frames done
69600 / 500000 frames done
69700 / 500000 frames done
69800 / 500000 frames done
69900 / 500000 frames done
70000 / 500000 frames done
70100 / 500000 frames done
70200 / 500000 frames done
70300 / 500000 frames done
70400 / 500000 frames done
70500 / 500000 frames done
70600 / 500000 frames done
70700 / 500000 frames done
70800 / 500000 frames done
70900 / 500000 frames done
71000 / 500000 frames done
71100 / 500000 frames done
71200 / 500000 frames done
71300 / 500000 frames done
71400 / 500000 frames done
71500 / 500000 frames done
71600 / 500000 frames done
71700 / 500000 frames done
71800 / 500000 frames done
71900 / 500000 frames done
72000 / 500000 frames done
72100 / 500000 frames done
72200 / 500000 frames done
72300 / 500000 frames done
72400 / 500000 frames done
72500 / 500000 frames done
72600 / 500000 frames done
72700 / 500000 frames done
72800 / 500000 frames done
72900 / 500000 frames done
73000 / 500000 frames done
73100 / 500000 frames done
73200 / 500000 frames done
73300 / 500000 frames done
73400 / 500000 frames done
73500 / 500000 frames done
73600 / 500000 frames done
73700 / 500000 frames done
73800 / 500000 frames done
73900 / 500000 frames done
74000 / 500000 frames done
74100 / 500000 frames done
74200 / 500000 frames done
74300 / 500000 frames done
74400 / 500000 frames done
74500 / 500000 frames done
74600 / 500000 frames done
74700 / 500000 frames done
74800 / 500000 frames done
74900 / 500000 frames done
75000 / 500000 frames done
75100 / 500000 frames done
75200 / 500000 frames done
75300 / 500000 frames done
75400 / 500000 frames done
75500 / 500000 frames done
75600 / 500000 frames done
75700 / 500000 frames done
75800 / 500000 frames done
75900 / 500000 frames done
76000 / 500000 frames done
76100 / 500000 frames done
76200 / 500000 frames done
76300 / 500000 frames done
76400 / 500000 frames done
76500 / 500000 frames done
76600 / 500000 frames done
76700 / 500000 frames done
76800 / 500000 frames done
76900 / 500000 frames done
77000 / 500000 frames done
77100 / 500000 frames done
77200 / 500000 frames done
77300 / 500000 frames done
77400 / 500000 frames done
77500 / 500000 frames done
77600 / 500000 frames done
77700 / 500000 frames done
77800 / 500000 frames done
77900 / 500000 frames done
78000 / 500000 frames done
78100 / 500000 frames done
78200 / 500000 frames done
78300 / 500000 frames done
78400 / 500000 frames done
78500 / 500000 frames done
78600 / 500000 frames done
78700 / 500000 frames done
78800 / 500000 frames done
78900 / 500000 frames done
79000 / 500000 frames done
79100 / 500000 frames done
79200 / 500000 frames done
79300 / 500000 frames done
79400 / 500000 frames done
79500 / 500000 frames done
79600 / 500000 frames done
79700 / 500000 frames done
79800 / 500000 frames done
79900 / 500000 frames done
80000 / 500000 frames done
80100 / 500000 frames done
80200 / 500000 frames done
80300 / 500000 frames done
80400 / 500000 frames done
80500 / 500000 frames done
80600 / 500000 frames done
80700 / 500000 frames done
80800 / 500000 frames done
80900 / 500000 frames done
81000 / 500000 frames done
81100 / 500000 frames done
81200 / 500000 frames done
81300 / 500000 frames done
81400 / 500000 frames done
81500 / 500000 frames done
81600 / 500000 frames done
81700 / 500000 frames done
81800 / 500000 frames done
81900 / 500000 frames done
82000 / 500000 frames done
82100 / 500000 frames done
82200 / 500000 frames done
82300 / 500000 frames done
82400 / 500000 frames done
82500 / 500000 frames done
82600 / 500000 frames done
82700 / 500000 frames done
82800 / 500000 frames done
82900 / 500000 frames done
83000 / 500000 frames done
83100 / 500000 frames done
83200 / 500000 frames done
83300 / 500000 frames done
83400 / 500000 frames done
83500 / 500000 frames done
83600 / 500000 frames done
83700 / 500000 frames done
83800 / 500000 frames done
83900 / 500000 frames done
84000 / 500000 frames done
84100 / 500000 frames done
84200 / 500000 frames done
84300 / 500000 frames done
84400 / 500000 frames done
84500 / 500000 frames done
84600 / 500000 frames done
84700 / 500000 frames done
84800 / 500000 frames done
84900 / 500000 frames done
85000 / 500000 frames done
85100 / 500000 frames done
85200 / 500000 frames done
85300 / 500000 frames done
85400 / 500000 frames done
85500 / 500000 frames done
85600 / 500000 frames done
85700 / 500000 frames done
85800 / 500000 frames done
85900 / 500000 frames done
86000 / 500000 frames done
86100 / 500000 frames done
86200 / 500000 frames done
86300 / 500000 frames done
86400 / 500000 frames done
86500 / 500000 frames done
86600 / 500000 frames done
86700 / 500000 frames done
86800 / 500000 frames done
86900 / 500000 frames done
87000 / 500000 frames done
87100 / 500000 frames done
87200 / 500000 frames done
87300 / 500000 frames done
87400 / 500000 frames done
87500 / 500000 frames done
87600 / 500000 frames done
87700 / 500000 frames done
srun: Job step aborted: Waiting up to 32 seconds for job step to finish.
slurmstepd: error: *** STEP 1560297.0 ON r32n6 CANCELLED AT 2019-02-07T12:33:36 DUE TO TIME LIMIT ***
slurmstepd: error: *** JOB 1560297 ON r32n6 CANCELLED AT 2019-02-07T12:33:36 DUE TO TIME LIMIT ***
