starting job job_template.job 1554733
------
Starting SpaceInvadersDeterministic-v4 on cuda
Namespace(batch_size=32, environment='SpaceInvadersDeterministic-v4', eps_start=1.0, eps_steps=1000000, eps_stop=0.1, eval_every=100000, exploration_phase=50000, frame_stack=4, gamma=0.99, image_size=[110, 84], lr=0.00025, memory=1000000, num_eval=10000, num_frames=10000000, output_dir='/scratch/baseline_results', target_update=10000)
------
0 / 10000000 frames done
100 / 10000000 frames done
200 / 10000000 frames done
300 / 10000000 frames done
400 / 10000000 frames done
500 / 10000000 frames done
600 / 10000000 frames done
700 / 10000000 frames done
800 / 10000000 frames done
900 / 10000000 frames done
1000 / 10000000 frames done
1100 / 10000000 frames done
1200 / 10000000 frames done
1300 / 10000000 frames done
1400 / 10000000 frames done
1500 / 10000000 frames done
1600 / 10000000 frames done
1700 / 10000000 frames done
1800 / 10000000 frames done
1900 / 10000000 frames done
2000 / 10000000 frames done
2100 / 10000000 frames done
2200 / 10000000 frames done
2300 / 10000000 frames done
2400 / 10000000 frames done
2500 / 10000000 frames done
2600 / 10000000 frames done
2700 / 10000000 frames done
2800 / 10000000 frames done
2900 / 10000000 frames done
3000 / 10000000 frames done
3100 / 10000000 frames done
3200 / 10000000 frames done
3300 / 10000000 frames done
3400 / 10000000 frames done
3500 / 10000000 frames done
3600 / 10000000 frames done
3700 / 10000000 frames done
3800 / 10000000 frames done
3900 / 10000000 frames done
4000 / 10000000 frames done
4100 / 10000000 frames done
4200 / 10000000 frames done
4300 / 10000000 frames done
4400 / 10000000 frames done
4500 / 10000000 frames done
4600 / 10000000 frames done
4700 / 10000000 frames done
4800 / 10000000 frames done
4900 / 10000000 frames done
5000 / 10000000 frames done
5100 / 10000000 frames done
5200 / 10000000 frames done
5300 / 10000000 frames done
5400 / 10000000 frames done
5500 / 10000000 frames done
5600 / 10000000 frames done
5700 / 10000000 frames done
5800 / 10000000 frames done
5900 / 10000000 frames done
6000 / 10000000 frames done
6100 / 10000000 frames done
6200 / 10000000 frames done
6300 / 10000000 frames done
6400 / 10000000 frames done
6500 / 10000000 frames done
6600 / 10000000 frames done
6700 / 10000000 frames done
6800 / 10000000 frames done
6900 / 10000000 frames done
7000 / 10000000 frames done
7100 / 10000000 frames done
7200 / 10000000 frames done
7300 / 10000000 frames done
7400 / 10000000 frames done
7500 / 10000000 frames done
7600 / 10000000 frames done
7700 / 10000000 frames done
7800 / 10000000 frames done
7900 / 10000000 frames done
8000 / 10000000 frames done
8100 / 10000000 frames done
8200 / 10000000 frames done
8300 / 10000000 frames done
8400 / 10000000 frames done
8500 / 10000000 frames done
8600 / 10000000 frames done
8700 / 10000000 frames done
8800 / 10000000 frames done
8900 / 10000000 frames done
9000 / 10000000 frames done
9100 / 10000000 frames done
9200 / 10000000 frames done
9300 / 10000000 frames done
9400 / 10000000 frames done
9500 / 10000000 frames done
9600 / 10000000 frames done
9700 / 10000000 frames done
9800 / 10000000 frames done
9900 / 10000000 frames done
10000 / 10000000 frames done
10100 / 10000000 frames done
10200 / 10000000 frames done
10300 / 10000000 frames done
10400 / 10000000 frames done
10500 / 10000000 frames done
10600 / 10000000 frames done
10700 / 10000000 frames done
10800 / 10000000 frames done
10900 / 10000000 frames done
11000 / 10000000 frames done
11100 / 10000000 frames done
11200 / 10000000 frames done
11300 / 10000000 frames done
11400 / 10000000 frames done
11500 / 10000000 frames done
11600 / 10000000 frames done
11700 / 10000000 frames done
11800 / 10000000 frames done
11900 / 10000000 frames done
12000 / 10000000 frames done
12100 / 10000000 frames done
12200 / 10000000 frames done
12300 / 10000000 frames done
12400 / 10000000 frames done
12500 / 10000000 frames done
12600 / 10000000 frames done
12700 / 10000000 frames done
12800 / 10000000 frames done
12900 / 10000000 frames done
13000 / 10000000 frames done
13100 / 10000000 frames done
13200 / 10000000 frames done
13300 / 10000000 frames done
13400 / 10000000 frames done
13500 / 10000000 frames done
13600 / 10000000 frames done
13700 / 10000000 frames done
13800 / 10000000 frames done
13900 / 10000000 frames done
14000 / 10000000 frames done
14100 / 10000000 frames done
14200 / 10000000 frames done
14300 / 10000000 frames done
14400 / 10000000 frames done
14500 / 10000000 frames done
14600 / 10000000 frames done
14700 / 10000000 frames done
14800 / 10000000 frames done
14900 / 10000000 frames done
15000 / 10000000 frames done
15100 / 10000000 frames done
15200 / 10000000 frames done
15300 / 10000000 frames done
15400 / 10000000 frames done
15500 / 10000000 frames done
15600 / 10000000 frames done
15700 / 10000000 frames done
15800 / 10000000 frames done
15900 / 10000000 frames done
16000 / 10000000 frames done
16100 / 10000000 frames done
16200 / 10000000 frames done
16300 / 10000000 frames done
16400 / 10000000 frames done
16500 / 10000000 frames done
16600 / 10000000 frames done
16700 / 10000000 frames done
16800 / 10000000 frames done
16900 / 10000000 frames done
17000 / 10000000 frames done
17100 / 10000000 frames done
17200 / 10000000 frames done
17300 / 10000000 frames done
17400 / 10000000 frames done
17500 / 10000000 frames done
17600 / 10000000 frames done
17700 / 10000000 frames done
17800 / 10000000 frames done
17900 / 10000000 frames done
18000 / 10000000 frames done
18100 / 10000000 frames done
18200 / 10000000 frames done
18300 / 10000000 frames done
18400 / 10000000 frames done
18500 / 10000000 frames done
18600 / 10000000 frames done
18700 / 10000000 frames done
18800 / 10000000 frames done
18900 / 10000000 frames done
19000 / 10000000 frames done
19100 / 10000000 frames done
19200 / 10000000 frames done
19300 / 10000000 frames done
19400 / 10000000 frames done
19500 / 10000000 frames done
19600 / 10000000 frames done
19700 / 10000000 frames done
19800 / 10000000 frames done
19900 / 10000000 frames done
20000 / 10000000 frames done
20100 / 10000000 frames done
20200 / 10000000 frames done
20300 / 10000000 frames done
20400 / 10000000 frames done
20500 / 10000000 frames done
20600 / 10000000 frames done
20700 / 10000000 frames done
20800 / 10000000 frames done
20900 / 10000000 frames done
21000 / 10000000 frames done
21100 / 10000000 frames done
21200 / 10000000 frames done
21300 / 10000000 frames done
21400 / 10000000 frames done
21500 / 10000000 frames done
21600 / 10000000 frames done
21700 / 10000000 frames done
21800 / 10000000 frames done
21900 / 10000000 frames done
22000 / 10000000 frames done
22100 / 10000000 frames done
22200 / 10000000 frames done
22300 / 10000000 frames done
22400 / 10000000 frames done
22500 / 10000000 frames done
22600 / 10000000 frames done
22700 / 10000000 frames done
22800 / 10000000 frames done
22900 / 10000000 frames done
23000 / 10000000 frames done
23100 / 10000000 frames done
23200 / 10000000 frames done
23300 / 10000000 frames done
23400 / 10000000 frames done
23500 / 10000000 frames done
23600 / 10000000 frames done
23700 / 10000000 frames done
23800 / 10000000 frames done
23900 / 10000000 frames done
24000 / 10000000 frames done
24100 / 10000000 frames done
24200 / 10000000 frames done
24300 / 10000000 frames done
24400 / 10000000 frames done
24500 / 10000000 frames done
24600 / 10000000 frames done
24700 / 10000000 frames done
24800 / 10000000 frames done
24900 / 10000000 frames done
25000 / 10000000 frames done
25100 / 10000000 frames done
25200 / 10000000 frames done
25300 / 10000000 frames done
25400 / 10000000 frames done
25500 / 10000000 frames done
25600 / 10000000 frames done
25700 / 10000000 frames done
25800 / 10000000 frames done
25900 / 10000000 frames done
26000 / 10000000 frames done
26100 / 10000000 frames done
26200 / 10000000 frames done
26300 / 10000000 frames done
26400 / 10000000 frames done
26500 / 10000000 frames done
26600 / 10000000 frames done
26700 / 10000000 frames done
26800 / 10000000 frames done
26900 / 10000000 frames done
27000 / 10000000 frames done
27100 / 10000000 frames done
srun: Job step aborted: Waiting up to 32 seconds for job step to finish.
slurmstepd: error: *** STEP 1554733.0 ON r30n7 CANCELLED AT 2019-02-06T00:07:39 ***
slurmstepd: error: *** JOB 1554733 ON r30n7 CANCELLED AT 2019-02-06T00:07:39 ***
